Analysis & Synthesis report for ex8_top
Fri Dec 09 11:12:38 2016
Quartus Prime Version 16.0.0 Build 211 04/27/2016 SJ Standard Edition


---------------------
; Table of Contents ;
---------------------
  1. Legal Notice
  2. Analysis & Synthesis Summary
  3. Analysis & Synthesis Settings
  4. Parallel Compilation
  5. Analysis & Synthesis Source Files Read
  6. Analysis & Synthesis Resource Usage Summary
  7. Analysis & Synthesis Resource Utilization by Entity
  8. General Register Statistics
  9. Inverted Register Statistics
 10. Multiplexer Restructuring Statistics (Restructuring Performed)
 11. Parameter Settings for User Entity Instance: modulo_counter_16:TICK50M
 12. Parameter Settings for User Entity Instance: modulo_counter_16:TICK25K
 13. Parameter Settings for User Entity Instance: delay_16:DELAY|modulo_counter_16:MOD_N
 14. Port Connectivity Checks: "delay_16:DELAY|modulo_counter_16:MOD_N"
 15. Port Connectivity Checks: "delay_16:DELAY"
 16. Port Connectivity Checks: "bin2bcd_16:DCODE|add3_ge5:A31"
 17. Port Connectivity Checks: "bin2bcd_16:DCODE|add3_ge5:A19"
 18. Port Connectivity Checks: "bin2bcd_16:DCODE|add3_ge5:A10"
 19. Port Connectivity Checks: "bin2bcd_16:DCODE|add3_ge5:A4"
 20. Port Connectivity Checks: "bin2bcd_16:DCODE|add3_ge5:A1"
 21. Port Connectivity Checks: "bin2bcd_16:DCODE"
 22. Port Connectivity Checks: "modulo_counter_16:TICK25K"
 23. Port Connectivity Checks: "modulo_counter_16:TICK50M"
 24. Post-Synthesis Netlist Statistics for Top Partition
 25. Elapsed Time Per Partition
 26. Analysis & Synthesis Messages
 27. Analysis & Synthesis Suppressed Messages



----------------
; Legal Notice ;
----------------
Copyright (C) 1991-2016 Altera Corporation. All rights reserved.
Your use of Altera Corporation's design tools, logic functions 
and other software and tools, and its AMPP partner logic 
functions, and any output files from any of the foregoing 
(including device programming or simulation files), and any 
associated documentation or information are expressly subject 
to the terms and conditions of the Altera Program License 
Subscription Agreement, the Altera Quartus Prime License Agreement,
the Altera MegaCore Function License Agreement, or other 
applicable license agreement, including, without limitation, 
that your use is for the sole purpose of programming logic 
devices manufactured by Altera and sold by Altera or its 
authorized distributors.  Please refer to the applicable 
agreement for further details.



+-----------------------------------------------------------------------------------+
; Analysis & Synthesis Summary                                                      ;
+---------------------------------+-------------------------------------------------+
; Analysis & Synthesis Status     ; Successful - Fri Dec 09 11:12:38 2016           ;
; Quartus Prime Version           ; 16.0.0 Build 211 04/27/2016 SJ Standard Edition ;
; Revision Name                   ; ex8_top                                         ;
; Top-level Entity Name           ; ex8_top                                         ;
; Family                          ; Cyclone V                                       ;
; Logic utilization (in ALMs)     ; N/A                                             ;
; Total registers                 ; 101                                             ;
; Total pins                      ; 50                                              ;
; Total virtual pins              ; 0                                               ;
; Total block memory bits         ; 0                                               ;
; Total DSP Blocks                ; 0                                               ;
; Total HSSI RX PCSs              ; 0                                               ;
; Total HSSI PMA RX Deserializers ; 0                                               ;
; Total HSSI TX PCSs              ; 0                                               ;
; Total HSSI PMA TX Serializers   ; 0                                               ;
; Total PLLs                      ; 0                                               ;
; Total DLLs                      ; 0                                               ;
+---------------------------------+-------------------------------------------------+


+---------------------------------------------------------------------------------------------------------------------------+
; Analysis & Synthesis Settings                                                                                             ;
+---------------------------------------------------------------------------------+--------------------+--------------------+
; Option                                                                          ; Setting            ; Default Value      ;
+---------------------------------------------------------------------------------+--------------------+--------------------+
; Device                                                                          ; 5CSEMA5F31C6       ;                    ;
; Top-level entity name                                                           ; ex8_top            ; ex8_top            ;
; Family name                                                                     ; Cyclone V          ; Cyclone V          ;
; Use smart compilation                                                           ; Off                ; Off                ;
; Enable parallel Assembler and TimeQuest Timing Analyzer during compilation      ; On                 ; On                 ;
; Enable compact report table                                                     ; Off                ; Off                ;
; Restructure Multiplexers                                                        ; Auto               ; Auto               ;
; MLAB Add Timing Constraints For Mixed-Port Feed-Through Mode Setting Don't Care ; Off                ; Off                ;
; Create Debugging Nodes for IP Cores                                             ; Off                ; Off                ;
; Preserve fewer node names                                                       ; On                 ; On                 ;
; Disable OpenCore Plus hardware evaluation                                       ; Off                ; Off                ;
; Verilog Version                                                                 ; Verilog_2001       ; Verilog_2001       ;
; VHDL Version                                                                    ; VHDL_1993          ; VHDL_1993          ;
; State Machine Processing                                                        ; Auto               ; Auto               ;
; Safe State Machine                                                              ; Off                ; Off                ;
; Extract Verilog State Machines                                                  ; On                 ; On                 ;
; Extract VHDL State Machines                                                     ; On                 ; On                 ;
; Ignore Verilog initial constructs                                               ; Off                ; Off                ;
; Iteration limit for constant Verilog loops                                      ; 5000               ; 5000               ;
; Iteration limit for non-constant Verilog loops                                  ; 250                ; 250                ;
; Add Pass-Through Logic to Inferred RAMs                                         ; On                 ; On                 ;
; Infer RAMs from Raw Logic                                                       ; On                 ; On                 ;
; Parallel Synthesis                                                              ; On                 ; On                 ;
; DSP Block Balancing                                                             ; Auto               ; Auto               ;
; NOT Gate Push-Back                                                              ; On                 ; On                 ;
; Power-Up Don't Care                                                             ; On                 ; On                 ;
; Remove Redundant Logic Cells                                                    ; Off                ; Off                ;
; Remove Duplicate Registers                                                      ; On                 ; On                 ;
; Ignore CARRY Buffers                                                            ; Off                ; Off                ;
; Ignore CASCADE Buffers                                                          ; Off                ; Off                ;
; Ignore GLOBAL Buffers                                                           ; Off                ; Off                ;
; Ignore ROW GLOBAL Buffers                                                       ; Off                ; Off                ;
; Ignore LCELL Buffers                                                            ; Off                ; Off                ;
; Ignore SOFT Buffers                                                             ; On                 ; On                 ;
; Limit AHDL Integers to 32 Bits                                                  ; Off                ; Off                ;
; Optimization Technique                                                          ; Balanced           ; Balanced           ;
; Carry Chain Length                                                              ; 70                 ; 70                 ;
; Auto Carry Chains                                                               ; On                 ; On                 ;
; Auto Open-Drain Pins                                                            ; On                 ; On                 ;
; Perform WYSIWYG Primitive Resynthesis                                           ; Off                ; Off                ;
; Auto ROM Replacement                                                            ; On                 ; On                 ;
; Auto RAM Replacement                                                            ; On                 ; On                 ;
; Auto DSP Block Replacement                                                      ; On                 ; On                 ;
; Auto Shift Register Replacement                                                 ; Auto               ; Auto               ;
; Allow Shift Register Merging across Hierarchies                                 ; Auto               ; Auto               ;
; Auto Clock Enable Replacement                                                   ; On                 ; On                 ;
; Strict RAM Replacement                                                          ; Off                ; Off                ;
; Allow Synchronous Control Signals                                               ; On                 ; On                 ;
; Force Use of Synchronous Clear Signals                                          ; Off                ; Off                ;
; Auto Resource Sharing                                                           ; Off                ; Off                ;
; Allow Any RAM Size For Recognition                                              ; Off                ; Off                ;
; Allow Any ROM Size For Recognition                                              ; Off                ; Off                ;
; Allow Any Shift Register Size For Recognition                                   ; Off                ; Off                ;
; Use LogicLock Constraints during Resource Balancing                             ; On                 ; On                 ;
; Ignore translate_off and synthesis_off directives                               ; Off                ; Off                ;
; Timing-Driven Synthesis                                                         ; On                 ; On                 ;
; Report Parameter Settings                                                       ; On                 ; On                 ;
; Report Source Assignments                                                       ; On                 ; On                 ;
; Report Connectivity Checks                                                      ; On                 ; On                 ;
; Ignore Maximum Fan-Out Assignments                                              ; Off                ; Off                ;
; Synchronization Register Chain Length                                           ; 3                  ; 3                  ;
; PowerPlay Power Optimization During Synthesis                                   ; Normal compilation ; Normal compilation ;
; HDL message level                                                               ; Level2             ; Level2             ;
; Suppress Register Optimization Related Messages                                 ; Off                ; Off                ;
; Number of Removed Registers Reported in Synthesis Report                        ; 5000               ; 5000               ;
; Number of Swept Nodes Reported in Synthesis Report                              ; 5000               ; 5000               ;
; Number of Inverted Registers Reported in Synthesis Report                       ; 100                ; 100                ;
; Clock MUX Protection                                                            ; On                 ; On                 ;
; Auto Gated Clock Conversion                                                     ; Off                ; Off                ;
; Block Design Naming                                                             ; Auto               ; Auto               ;
; SDC constraint protection                                                       ; Off                ; Off                ;
; Synthesis Effort                                                                ; Auto               ; Auto               ;
; Shift Register Replacement - Allow Asynchronous Clear Signal                    ; On                 ; On                 ;
; Pre-Mapping Resynthesis Optimization                                            ; Off                ; Off                ;
; Analysis & Synthesis Message Level                                              ; Medium             ; Medium             ;
; Disable Register Merging Across Hierarchies                                     ; Auto               ; Auto               ;
; Resource Aware Inference For Block RAM                                          ; On                 ; On                 ;
; Synthesis Seed                                                                  ; 1                  ; 1                  ;
; Automatic Parallel Synthesis                                                    ; On                 ; On                 ;
; Partial Reconfiguration Bitstream ID                                            ; Off                ; Off                ;
+---------------------------------------------------------------------------------+--------------------+--------------------+


+------------------------------------------+
; Parallel Compilation                     ;
+----------------------------+-------------+
; Processors                 ; Number      ;
+----------------------------+-------------+
; Number detected on machine ; 8           ;
; Maximum allowed            ; 4           ;
;                            ;             ;
; Average used               ; 1.00        ;
; Maximum used               ; 4           ;
;                            ;             ;
; Usage by Processor         ; % Time Used ;
;     Processor 1            ; 100.0%      ;
;     Processors 2-4         ;   0.0%      ;
+----------------------------+-------------+


+--------------------------------------------------------------------------------------------------------------------------------------------------------------------+
; Analysis & Synthesis Source Files Read                                                                                                                             ;
+----------------------------------+-----------------+------------------------------+----------------------------------------------------------------------+---------+
; File Name with User-Entered Path ; Used in Netlist ; File Type                    ; File Name with Absolute Path                                         ; Library ;
+----------------------------------+-----------------+------------------------------+----------------------------------------------------------------------+---------+
; ../mylib/hex_to_7seg.v           ; yes             ; User Verilog HDL File        ; C:/Users/tjm15/New folder/VERI_EIE2/part_2/mylib/hex_to_7seg.v       ;         ;
; ../mylib/bin2bcd_16.v            ; yes             ; User Verilog HDL File        ; C:/Users/tjm15/New folder/VERI_EIE2/part_2/mylib/bin2bcd_16.v        ;         ;
; ../mylib/add3_ge5.v              ; yes             ; User Verilog HDL File        ; C:/Users/tjm15/New folder/VERI_EIE2/part_2/mylib/add3_ge5.v          ;         ;
; ../mylib/modulo_counter_16.v     ; yes             ; User Verilog HDL File        ; C:/Users/tjm15/New folder/VERI_EIE2/part_2/mylib/modulo_counter_16.v ;         ;
; ex8_top.v                        ; yes             ; User Verilog HDL File        ; C:/Users/tjm15/New folder/VERI_EIE2/part_2/ex_8/ex8_top.v            ;         ;
; delay_16.v                       ; yes             ; User Verilog HDL File        ; C:/Users/tjm15/New folder/VERI_EIE2/part_2/ex_8/delay_16.v           ;         ;
; starting_line_fsm.v              ; yes             ; User Verilog HDL File        ; C:/Users/tjm15/New folder/VERI_EIE2/part_2/ex_8/starting_line_fsm.v  ;         ;
; lfsr16.v                         ; yes             ; Auto-Found Verilog HDL File  ; C:/Users/tjm15/New folder/VERI_EIE2/part_2/ex_8/lfsr16.v             ;         ;
+----------------------------------+-----------------+------------------------------+----------------------------------------------------------------------+---------+


+------------------------------------------------------------------------------+
; Analysis & Synthesis Resource Usage Summary                                  ;
+---------------------------------------------+--------------------------------+
; Resource                                    ; Usage                          ;
+---------------------------------------------+--------------------------------+
; Estimate of Logic utilization (ALMs needed) ; 127                            ;
;                                             ;                                ;
; Combinational ALUT usage for logic          ; 229                            ;
;     -- 7 input functions                    ; 0                              ;
;     -- 6 input functions                    ; 20                             ;
;     -- 5 input functions                    ; 22                             ;
;     -- 4 input functions                    ; 115                            ;
;     -- <=3 input functions                  ; 72                             ;
;                                             ;                                ;
; Dedicated logic registers                   ; 101                            ;
;                                             ;                                ;
; I/O pins                                    ; 50                             ;
;                                             ;                                ;
; Total DSP Blocks                            ; 0                              ;
;                                             ;                                ;
; Maximum fan-out node                        ; modulo_counter_16:TICK50M|tick ;
; Maximum fan-out                             ; 68                             ;
; Total fan-out                               ; 1241                           ;
; Average fan-out                             ; 2.89                           ;
+---------------------------------------------+--------------------------------+


+----------------------------------------------------------------------------------------------------------------------------------------------------------------------------------------------------------------+
; Analysis & Synthesis Resource Utilization by Entity                                                                                                                                                            ;
+---------------------------------+-------------------+--------------+-------------------+------------+------+--------------+-------------------------------------------------+-------------------+--------------+
; Compilation Hierarchy Node      ; LC Combinationals ; LC Registers ; Block Memory Bits ; DSP Blocks ; Pins ; Virtual Pins ; Full Hierarchy Name                             ; Entity Name       ; Library Name ;
+---------------------------------+-------------------+--------------+-------------------+------------+------+--------------+-------------------------------------------------+-------------------+--------------+
; |ex8_top                        ; 229 (0)           ; 101 (0)      ; 0                 ; 0          ; 50   ; 0            ; |ex8_top                                        ; ex8_top           ; work         ;
;    |bin2bcd_16:DCODE|           ; 97 (0)            ; 0 (0)        ; 0                 ; 0          ; 0    ; 0            ; |ex8_top|bin2bcd_16:DCODE                       ; bin2bcd_16        ; work         ;
;       |add3_ge5:A11|            ; 4 (4)             ; 0 (0)        ; 0                 ; 0          ; 0    ; 0            ; |ex8_top|bin2bcd_16:DCODE|add3_ge5:A11          ; add3_ge5          ; work         ;
;       |add3_ge5:A12|            ; 4 (4)             ; 0 (0)        ; 0                 ; 0          ; 0    ; 0            ; |ex8_top|bin2bcd_16:DCODE|add3_ge5:A12          ; add3_ge5          ; work         ;
;       |add3_ge5:A14|            ; 4 (4)             ; 0 (0)        ; 0                 ; 0          ; 0    ; 0            ; |ex8_top|bin2bcd_16:DCODE|add3_ge5:A14          ; add3_ge5          ; work         ;
;       |add3_ge5:A15|            ; 4 (4)             ; 0 (0)        ; 0                 ; 0          ; 0    ; 0            ; |ex8_top|bin2bcd_16:DCODE|add3_ge5:A15          ; add3_ge5          ; work         ;
;       |add3_ge5:A16|            ; 1 (1)             ; 0 (0)        ; 0                 ; 0          ; 0    ; 0            ; |ex8_top|bin2bcd_16:DCODE|add3_ge5:A16          ; add3_ge5          ; work         ;
;       |add3_ge5:A17|            ; 4 (4)             ; 0 (0)        ; 0                 ; 0          ; 0    ; 0            ; |ex8_top|bin2bcd_16:DCODE|add3_ge5:A17          ; add3_ge5          ; work         ;
;       |add3_ge5:A18|            ; 4 (4)             ; 0 (0)        ; 0                 ; 0          ; 0    ; 0            ; |ex8_top|bin2bcd_16:DCODE|add3_ge5:A18          ; add3_ge5          ; work         ;
;       |add3_ge5:A20|            ; 4 (4)             ; 0 (0)        ; 0                 ; 0          ; 0    ; 0            ; |ex8_top|bin2bcd_16:DCODE|add3_ge5:A20          ; add3_ge5          ; work         ;
;       |add3_ge5:A21|            ; 4 (4)             ; 0 (0)        ; 0                 ; 0          ; 0    ; 0            ; |ex8_top|bin2bcd_16:DCODE|add3_ge5:A21          ; add3_ge5          ; work         ;
;       |add3_ge5:A22|            ; 4 (4)             ; 0 (0)        ; 0                 ; 0          ; 0    ; 0            ; |ex8_top|bin2bcd_16:DCODE|add3_ge5:A22          ; add3_ge5          ; work         ;
;       |add3_ge5:A24|            ; 4 (4)             ; 0 (0)        ; 0                 ; 0          ; 0    ; 0            ; |ex8_top|bin2bcd_16:DCODE|add3_ge5:A24          ; add3_ge5          ; work         ;
;       |add3_ge5:A25|            ; 4 (4)             ; 0 (0)        ; 0                 ; 0          ; 0    ; 0            ; |ex8_top|bin2bcd_16:DCODE|add3_ge5:A25          ; add3_ge5          ; work         ;
;       |add3_ge5:A26|            ; 4 (4)             ; 0 (0)        ; 0                 ; 0          ; 0    ; 0            ; |ex8_top|bin2bcd_16:DCODE|add3_ge5:A26          ; add3_ge5          ; work         ;
;       |add3_ge5:A27|            ; 1 (1)             ; 0 (0)        ; 0                 ; 0          ; 0    ; 0            ; |ex8_top|bin2bcd_16:DCODE|add3_ge5:A27          ; add3_ge5          ; work         ;
;       |add3_ge5:A28|            ; 4 (4)             ; 0 (0)        ; 0                 ; 0          ; 0    ; 0            ; |ex8_top|bin2bcd_16:DCODE|add3_ge5:A28          ; add3_ge5          ; work         ;
;       |add3_ge5:A29|            ; 4 (4)             ; 0 (0)        ; 0                 ; 0          ; 0    ; 0            ; |ex8_top|bin2bcd_16:DCODE|add3_ge5:A29          ; add3_ge5          ; work         ;
;       |add3_ge5:A30|            ; 4 (4)             ; 0 (0)        ; 0                 ; 0          ; 0    ; 0            ; |ex8_top|bin2bcd_16:DCODE|add3_ge5:A30          ; add3_ge5          ; work         ;
;       |add3_ge5:A32|            ; 9 (9)             ; 0 (0)        ; 0                 ; 0          ; 0    ; 0            ; |ex8_top|bin2bcd_16:DCODE|add3_ge5:A32          ; add3_ge5          ; work         ;
;       |add3_ge5:A33|            ; 4 (4)             ; 0 (0)        ; 0                 ; 0          ; 0    ; 0            ; |ex8_top|bin2bcd_16:DCODE|add3_ge5:A33          ; add3_ge5          ; work         ;
;       |add3_ge5:A34|            ; 4 (4)             ; 0 (0)        ; 0                 ; 0          ; 0    ; 0            ; |ex8_top|bin2bcd_16:DCODE|add3_ge5:A34          ; add3_ge5          ; work         ;
;       |add3_ge5:A35|            ; 4 (4)             ; 0 (0)        ; 0                 ; 0          ; 0    ; 0            ; |ex8_top|bin2bcd_16:DCODE|add3_ge5:A35          ; add3_ge5          ; work         ;
;       |add3_ge5:A3|             ; 1 (1)             ; 0 (0)        ; 0                 ; 0          ; 0    ; 0            ; |ex8_top|bin2bcd_16:DCODE|add3_ge5:A3           ; add3_ge5          ; work         ;
;       |add3_ge5:A5|             ; 4 (4)             ; 0 (0)        ; 0                 ; 0          ; 0    ; 0            ; |ex8_top|bin2bcd_16:DCODE|add3_ge5:A5           ; add3_ge5          ; work         ;
;       |add3_ge5:A7|             ; 4 (4)             ; 0 (0)        ; 0                 ; 0          ; 0    ; 0            ; |ex8_top|bin2bcd_16:DCODE|add3_ge5:A7           ; add3_ge5          ; work         ;
;       |add3_ge5:A8|             ; 1 (1)             ; 0 (0)        ; 0                 ; 0          ; 0    ; 0            ; |ex8_top|bin2bcd_16:DCODE|add3_ge5:A8           ; add3_ge5          ; work         ;
;       |add3_ge5:A9|             ; 4 (4)             ; 0 (0)        ; 0                 ; 0          ; 0    ; 0            ; |ex8_top|bin2bcd_16:DCODE|add3_ge5:A9           ; add3_ge5          ; work         ;
;    |delay_16:DELAY|             ; 40 (1)            ; 19 (2)       ; 0                 ; 0          ; 0    ; 0            ; |ex8_top|delay_16:DELAY                         ; delay_16          ; work         ;
;       |modulo_counter_16:MOD_N| ; 39 (39)           ; 17 (17)      ; 0                 ; 0          ; 0    ; 0            ; |ex8_top|delay_16:DELAY|modulo_counter_16:MOD_N ; modulo_counter_16 ; work         ;
;    |hex_to_7seg:seg0|           ; 7 (7)             ; 0 (0)        ; 0                 ; 0          ; 0    ; 0            ; |ex8_top|hex_to_7seg:seg0                       ; hex_to_7seg       ; work         ;
;    |hex_to_7seg:seg1|           ; 7 (7)             ; 0 (0)        ; 0                 ; 0          ; 0    ; 0            ; |ex8_top|hex_to_7seg:seg1                       ; hex_to_7seg       ; work         ;
;    |hex_to_7seg:seg2|           ; 7 (7)             ; 0 (0)        ; 0                 ; 0          ; 0    ; 0            ; |ex8_top|hex_to_7seg:seg2                       ; hex_to_7seg       ; work         ;
;    |hex_to_7seg:seg3|           ; 7 (7)             ; 0 (0)        ; 0                 ; 0          ; 0    ; 0            ; |ex8_top|hex_to_7seg:seg3                       ; hex_to_7seg       ; work         ;
;    |hex_to_7seg:seg4|           ; 3 (3)             ; 0 (0)        ; 0                 ; 0          ; 0    ; 0            ; |ex8_top|hex_to_7seg:seg4                       ; hex_to_7seg       ; work         ;
;    |lfsr16:lfsr|                ; 3 (3)             ; 30 (30)      ; 0                 ; 0          ; 0    ; 0            ; |ex8_top|lfsr16:lfsr                            ; lfsr16            ; work         ;
;    |modulo_counter_16:TICK25K|  ; 20 (20)           ; 17 (17)      ; 0                 ; 0          ; 0    ; 0            ; |ex8_top|modulo_counter_16:TICK25K              ; modulo_counter_16 ; work         ;
;    |modulo_counter_16:TICK50M|  ; 20 (20)           ; 17 (17)      ; 0                 ; 0          ; 0    ; 0            ; |ex8_top|modulo_counter_16:TICK50M              ; modulo_counter_16 ; work         ;
;    |starting_line_fsm:FSM|      ; 18 (18)           ; 18 (18)      ; 0                 ; 0          ; 0    ; 0            ; |ex8_top|starting_line_fsm:FSM                  ; starting_line_fsm ; work         ;
+---------------------------------+-------------------+--------------+-------------------+------------+------+--------------+-------------------------------------------------+-------------------+--------------+
Note: For table entries with two numbers listed, the numbers in parentheses indicate the number of resources of the given type used by the specific entity alone. The numbers listed outside of parentheses indicate the total resources of the given type used by the specific entity and all of its sub-entities in the hierarchy.


+------------------------------------------------------+
; General Register Statistics                          ;
+----------------------------------------------+-------+
; Statistic                                    ; Value ;
+----------------------------------------------+-------+
; Total registers                              ; 101   ;
; Number of registers using Synchronous Clear  ; 63    ;
; Number of registers using Synchronous Load   ; 0     ;
; Number of registers using Asynchronous Clear ; 0     ;
; Number of registers using Asynchronous Load  ; 0     ;
; Number of registers using Clock Enable       ; 50    ;
; Number of registers using Preset             ; 0     ;
+----------------------------------------------+-------+


+--------------------------------------------------+
; Inverted Register Statistics                     ;
+----------------------------------------+---------+
; Inverted Register                      ; Fan out ;
+----------------------------------------+---------+
; lfsr16:lfsr|sreg[0]                    ; 3       ;
; Total number of inverted registers = 1 ;         ;
+----------------------------------------+---------+


+-------------------------------------------------------------------------------------------------------------------------------------------------------+
; Multiplexer Restructuring Statistics (Restructuring Performed)                                                                                        ;
+--------------------+-----------+---------------+----------------------+------------------------+------------+-----------------------------------------+
; Multiplexer Inputs ; Bus Width ; Baseline Area ; Area if Restructured ; Saving if Restructured ; Registered ; Example Multiplexer Output              ;
+--------------------+-----------+---------------+----------------------+------------------------+------------+-----------------------------------------+
; 18:1               ; 3 bits    ; 36 LEs        ; 9 LEs                ; 27 LEs                 ; Yes        ; |ex8_top|starting_line_fsm:FSM|state[3] ;
+--------------------+-----------+---------------+----------------------+------------------------+------------+-----------------------------------------+


+------------------------------------------------------------------------+
; Parameter Settings for User Entity Instance: modulo_counter_16:TICK50M ;
+----------------+-------+-----------------------------------------------+
; Parameter Name ; Value ; Type                                          ;
+----------------+-------+-----------------------------------------------+
; BIT_SZ         ; 16    ; Signed Integer                                ;
+----------------+-------+-----------------------------------------------+
Note: In order to hide this table in the UI and the text report file, please set the "Show Parameter Settings in Synthesis Report" option in "Analysis and Synthesis Settings -> More Settings" to "Off".


+------------------------------------------------------------------------+
; Parameter Settings for User Entity Instance: modulo_counter_16:TICK25K ;
+----------------+-------+-----------------------------------------------+
; Parameter Name ; Value ; Type                                          ;
+----------------+-------+-----------------------------------------------+
; BIT_SZ         ; 16    ; Signed Integer                                ;
+----------------+-------+-----------------------------------------------+
Note: In order to hide this table in the UI and the text report file, please set the "Show Parameter Settings in Synthesis Report" option in "Analysis and Synthesis Settings -> More Settings" to "Off".


+-------------------------------------------------------------------------------------+
; Parameter Settings for User Entity Instance: delay_16:DELAY|modulo_counter_16:MOD_N ;
+----------------+-------+------------------------------------------------------------+
; Parameter Name ; Value ; Type                                                       ;
+----------------+-------+------------------------------------------------------------+
; BIT_SZ         ; 16    ; Signed Integer                                             ;
+----------------+-------+------------------------------------------------------------+
Note: In order to hide this table in the UI and the text report file, please set the "Show Parameter Settings in Synthesis Report" option in "Analysis and Synthesis Settings -> More Settings" to "Off".


+--------------------------------------------------------------------------------------------------------------------------------------------------------------------------------------------------------------------+
; Port Connectivity Checks: "delay_16:DELAY|modulo_counter_16:MOD_N"                                                                                                                                                 ;
+------------+-------+----------+------------------------------------------------------------------------------------------------------------------------------------------------------------------------------------+
; Port       ; Type  ; Severity ; Details                                                                                                                                                                            ;
+------------+-------+----------+------------------------------------------------------------------------------------------------------------------------------------------------------------------------------------+
; sreset     ; Input ; Warning  ; Input port expression (32 bits) is wider than the input port (1 bits) it drives.  The 31 most-significant bit(s) in the expression will be dangling if they have no other fanouts. ;
; sreset[-1] ; Input ; Info     ; Stuck at GND                                                                                                                                                                       ;
+------------+-------+----------+------------------------------------------------------------------------------------------------------------------------------------------------------------------------------------+


+-------------------------------------------------------------------------------------------------------------------------------------------------------------------------+
; Port Connectivity Checks: "delay_16:DELAY"                                                                                                                              ;
+------+-------+----------+-----------------------------------------------------------------------------------------------------------------------------------------------+
; Port ; Type  ; Severity ; Details                                                                                                                                       ;
+------+-------+----------+-----------------------------------------------------------------------------------------------------------------------------------------------+
; N    ; Input ; Warning  ; Input port expression (14 bits) is smaller than the input port (16 bits) it drives.  Extra input bit(s) "N[15..14]" will be connected to GND. ;
+------+-------+----------+-----------------------------------------------------------------------------------------------------------------------------------------------+


+-----------------------------------------------------------------------------------------------------------------+
; Port Connectivity Checks: "bin2bcd_16:DCODE|add3_ge5:A31"                                                       ;
+-------+--------+----------+-------------------------------------------------------------------------------------+
; Port  ; Type   ; Severity ; Details                                                                             ;
+-------+--------+----------+-------------------------------------------------------------------------------------+
; iW[3] ; Input  ; Info     ; Stuck at GND                                                                        ;
; oA[3] ; Output ; Info     ; Connected to dangling logic. Logic that only feeds a dangling port will be removed. ;
+-------+--------+----------+-------------------------------------------------------------------------------------+


+-----------------------------------------------------------+
; Port Connectivity Checks: "bin2bcd_16:DCODE|add3_ge5:A19" ;
+-------+-------+----------+--------------------------------+
; Port  ; Type  ; Severity ; Details                        ;
+-------+-------+----------+--------------------------------+
; iW[3] ; Input ; Info     ; Stuck at GND                   ;
+-------+-------+----------+--------------------------------+


+-----------------------------------------------------------+
; Port Connectivity Checks: "bin2bcd_16:DCODE|add3_ge5:A10" ;
+-------+-------+----------+--------------------------------+
; Port  ; Type  ; Severity ; Details                        ;
+-------+-------+----------+--------------------------------+
; iW[3] ; Input ; Info     ; Stuck at GND                   ;
+-------+-------+----------+--------------------------------+


+----------------------------------------------------------+
; Port Connectivity Checks: "bin2bcd_16:DCODE|add3_ge5:A4" ;
+-------+-------+----------+-------------------------------+
; Port  ; Type  ; Severity ; Details                       ;
+-------+-------+----------+-------------------------------+
; iW[3] ; Input ; Info     ; Stuck at GND                  ;
+-------+-------+----------+-------------------------------+


+----------------------------------------------------------+
; Port Connectivity Checks: "bin2bcd_16:DCODE|add3_ge5:A1" ;
+-------+-------+----------+-------------------------------+
; Port  ; Type  ; Severity ; Details                       ;
+-------+-------+----------+-------------------------------+
; iW[3] ; Input ; Info     ; Stuck at GND                  ;
+-------+-------+----------+-------------------------------+


+-------------------------------------------------------------------------------------------------------------------------------------------------------------------------+
; Port Connectivity Checks: "bin2bcd_16:DCODE"                                                                                                                            ;
+------+-------+----------+-----------------------------------------------------------------------------------------------------------------------------------------------+
; Port ; Type  ; Severity ; Details                                                                                                                                       ;
+------+-------+----------+-----------------------------------------------------------------------------------------------------------------------------------------------+
; B    ; Input ; Warning  ; Input port expression (14 bits) is smaller than the input port (16 bits) it drives.  Extra input bit(s) "B[15..14]" will be connected to GND. ;
+------+-------+----------+-----------------------------------------------------------------------------------------------------------------------------------------------+


+------------------------------------------------------------------------------------------------------------------------------------------------------------------------------------------------------------------------+
; Port Connectivity Checks: "modulo_counter_16:TICK25K"                                                                                                                                                                  ;
+---------------+-------+----------+-------------------------------------------------------------------------------------------------------------------------------------------------------------------------------------+
; Port          ; Type  ; Severity ; Details                                                                                                                                                                             ;
+---------------+-------+----------+-------------------------------------------------------------------------------------------------------------------------------------------------------------------------------------+
; sreset        ; Input ; Warning  ; Input port expression (32 bits) is wider than the input port (1 bits) it drives.  The 31 most-significant bit(s) in the expression will be dangling if they have no other fanouts.  ;
; sreset[-1]    ; Input ; Info     ; Stuck at GND                                                                                                                                                                        ;
; modulo        ; Input ; Warning  ; Input port expression (32 bits) is wider than the input port (16 bits) it drives.  The 16 most-significant bit(s) in the expression will be dangling if they have no other fanouts. ;
; modulo[8..4]  ; Input ; Info     ; Stuck at VCC                                                                                                                                                                        ;
; modulo[15..9] ; Input ; Info     ; Stuck at GND                                                                                                                                                                        ;
; modulo[1..0]  ; Input ; Info     ; Stuck at GND                                                                                                                                                                        ;
; modulo[3]     ; Input ; Info     ; Stuck at GND                                                                                                                                                                        ;
; modulo[2]     ; Input ; Info     ; Stuck at VCC                                                                                                                                                                        ;
+---------------+-------+----------+-------------------------------------------------------------------------------------------------------------------------------------------------------------------------------------+


+-------------------------------------------------------------------------------------------------------------------------------------------------------------------------------------------------------------------------+
; Port Connectivity Checks: "modulo_counter_16:TICK50M"                                                                                                                                                                   ;
+----------------+-------+----------+-------------------------------------------------------------------------------------------------------------------------------------------------------------------------------------+
; Port           ; Type  ; Severity ; Details                                                                                                                                                                             ;
+----------------+-------+----------+-------------------------------------------------------------------------------------------------------------------------------------------------------------------------------------+
; enable         ; Input ; Warning  ; Input port expression (32 bits) is wider than the input port (1 bits) it drives.  The 31 most-significant bit(s) in the expression will be dangling if they have no other fanouts.  ;
; enable[-1]     ; Input ; Info     ; Stuck at VCC                                                                                                                                                                        ;
; sreset         ; Input ; Warning  ; Input port expression (32 bits) is wider than the input port (1 bits) it drives.  The 31 most-significant bit(s) in the expression will be dangling if they have no other fanouts.  ;
; sreset[-1]     ; Input ; Info     ; Stuck at GND                                                                                                                                                                        ;
; modulo         ; Input ; Warning  ; Input port expression (32 bits) is wider than the input port (16 bits) it drives.  The 16 most-significant bit(s) in the expression will be dangling if they have no other fanouts. ;
; modulo[15..14] ; Input ; Info     ; Stuck at VCC                                                                                                                                                                        ;
; modulo[9..8]   ; Input ; Info     ; Stuck at VCC                                                                                                                                                                        ;
; modulo[13..10] ; Input ; Info     ; Stuck at GND                                                                                                                                                                        ;
; modulo[3..0]   ; Input ; Info     ; Stuck at GND                                                                                                                                                                        ;
; modulo[7]      ; Input ; Info     ; Stuck at GND                                                                                                                                                                        ;
; modulo[6]      ; Input ; Info     ; Stuck at VCC                                                                                                                                                                        ;
; modulo[5]      ; Input ; Info     ; Stuck at GND                                                                                                                                                                        ;
; modulo[4]      ; Input ; Info     ; Stuck at VCC                                                                                                                                                                        ;
+----------------+-------+----------+-------------------------------------------------------------------------------------------------------------------------------------------------------------------------------------+


+-----------------------------------------------------+
; Post-Synthesis Netlist Statistics for Top Partition ;
+-----------------------+-----------------------------+
; Type                  ; Count                       ;
+-----------------------+-----------------------------+
; arriav_ff             ; 101                         ;
;     ENA               ; 18                          ;
;     ENA SCLR          ; 32                          ;
;     SCLR              ; 31                          ;
;     plain             ; 20                          ;
; arriav_lcell_comb     ; 248                         ;
;     arith             ; 64                          ;
;         0 data inputs ; 2                           ;
;         1 data inputs ; 62                          ;
;     normal            ; 184                         ;
;         0 data inputs ; 1                           ;
;         1 data inputs ; 20                          ;
;         3 data inputs ; 6                           ;
;         4 data inputs ; 115                         ;
;         5 data inputs ; 22                          ;
;         6 data inputs ; 20                          ;
; boundary_port         ; 50                          ;
;                       ;                             ;
; Max LUT depth         ; 13.00                       ;
; Average LUT depth     ; 5.82                        ;
+-----------------------+-----------------------------+


+-------------------------------+
; Elapsed Time Per Partition    ;
+----------------+--------------+
; Partition Name ; Elapsed Time ;
+----------------+--------------+
; Top            ; 00:00:00     ;
+----------------+--------------+


+-------------------------------+
; Analysis & Synthesis Messages ;
+-------------------------------+
Info: *******************************************************************
Info: Running Quartus Prime Analysis & Synthesis
    Info: Version 16.0.0 Build 211 04/27/2016 SJ Standard Edition
    Info: Processing started: Fri Dec 09 11:12:26 2016
Info: Command: quartus_map --read_settings_files=on --write_settings_files=off ex8 -c ex8_top
Warning (18236): Number of processors has not been specified which may cause overloading on shared machines.  Set the global assignment NUM_PARALLEL_PROCESSORS in your QSF to an appropriate value for best performance.
Info (20030): Parallel compilation is enabled and will use 4 of the 4 processors detected
Info (12021): Found 1 design units, including 1 entities, in source file /users/tjm15/new folder/veri_eie2/part_2/mylib/hex_to_7seg.v
    Info (12023): Found entity 1: hex_to_7seg File: C:/Users/tjm15/New folder/VERI_EIE2/part_2/mylib/hex_to_7seg.v Line: 1
Info (12021): Found 1 design units, including 1 entities, in source file /users/tjm15/new folder/veri_eie2/part_2/mylib/bin2bcd_16.v
    Info (12023): Found entity 1: bin2bcd_16 File: C:/Users/tjm15/New folder/VERI_EIE2/part_2/mylib/bin2bcd_16.v Line: 12
Info (12021): Found 1 design units, including 1 entities, in source file /users/tjm15/new folder/veri_eie2/part_2/mylib/add3_ge5.v
    Info (12023): Found entity 1: add3_ge5 File: C:/Users/tjm15/New folder/VERI_EIE2/part_2/mylib/add3_ge5.v Line: 9
Info (12021): Found 1 design units, including 1 entities, in source file /users/tjm15/new folder/veri_eie2/part_2/mylib/modulo_counter_16.v
    Info (12023): Found entity 1: modulo_counter_16 File: C:/Users/tjm15/New folder/VERI_EIE2/part_2/mylib/modulo_counter_16.v Line: 7
Info (12021): Found 1 design units, including 1 entities, in source file ex8_top.v
    Info (12023): Found entity 1: ex8_top File: C:/Users/tjm15/New folder/VERI_EIE2/part_2/ex_8/ex8_top.v Line: 1
Info (12021): Found 1 design units, including 1 entities, in source file delay_16.v
    Info (12023): Found entity 1: delay_16 File: C:/Users/tjm15/New folder/VERI_EIE2/part_2/ex_8/delay_16.v Line: 2
Info (12021): Found 1 design units, including 1 entities, in source file starting_line_fsm.v
    Info (12023): Found entity 1: starting_line_fsm File: C:/Users/tjm15/New folder/VERI_EIE2/part_2/ex_8/starting_line_fsm.v Line: 1
Info (12127): Elaborating entity "ex8_top" for the top level hierarchy
Info (12128): Elaborating entity "modulo_counter_16" for hierarchy "modulo_counter_16:TICK50M" File: C:/Users/tjm15/New folder/VERI_EIE2/part_2/ex_8/ex8_top.v Line: 19
Warning (12125): Using design file lfsr16.v, which is not specified as a design file for the current project, but contains definitions for 1 design units and 1 entities in project
    Info (12023): Found entity 1: lfsr16 File: C:/Users/tjm15/New folder/VERI_EIE2/part_2/ex_8/lfsr16.v Line: 3
Info (12128): Elaborating entity "lfsr16" for hierarchy "lfsr16:lfsr" File: C:/Users/tjm15/New folder/VERI_EIE2/part_2/ex_8/ex8_top.v Line: 23
Warning (10230): Verilog HDL assignment warning at lfsr16.v(18): truncated value with size 16 to match size of target (14) File: C:/Users/tjm15/New folder/VERI_EIE2/part_2/ex_8/lfsr16.v Line: 18
Info (12128): Elaborating entity "bin2bcd_16" for hierarchy "bin2bcd_16:DCODE" File: C:/Users/tjm15/New folder/VERI_EIE2/part_2/ex_8/ex8_top.v Line: 27
Info (12128): Elaborating entity "add3_ge5" for hierarchy "bin2bcd_16:DCODE|add3_ge5:A1" File: C:/Users/tjm15/New folder/VERI_EIE2/part_2/mylib/bin2bcd_16.v Line: 26
Info (12128): Elaborating entity "hex_to_7seg" for hierarchy "hex_to_7seg:seg0" File: C:/Users/tjm15/New folder/VERI_EIE2/part_2/ex_8/ex8_top.v Line: 29
Info (12128): Elaborating entity "delay_16" for hierarchy "delay_16:DELAY" File: C:/Users/tjm15/New folder/VERI_EIE2/part_2/ex_8/ex8_top.v Line: 35
Info (12128): Elaborating entity "starting_line_fsm" for hierarchy "starting_line_fsm:FSM" File: C:/Users/tjm15/New folder/VERI_EIE2/part_2/ex_8/ex8_top.v Line: 38
Warning (10230): Verilog HDL assignment warning at starting_line_fsm.v(53): truncated value with size 32 to match size of target (4) File: C:/Users/tjm15/New folder/VERI_EIE2/part_2/ex_8/starting_line_fsm.v Line: 53
Warning (10230): Verilog HDL assignment warning at starting_line_fsm.v(58): truncated value with size 32 to match size of target (4) File: C:/Users/tjm15/New folder/VERI_EIE2/part_2/ex_8/starting_line_fsm.v Line: 58
Warning (10230): Verilog HDL assignment warning at starting_line_fsm.v(66): truncated value with size 32 to match size of target (4) File: C:/Users/tjm15/New folder/VERI_EIE2/part_2/ex_8/starting_line_fsm.v Line: 66
Warning (12241): 5 hierarchies have connectivity warnings - see the Connectivity Checks report folder
Warning (13024): Output pins are stuck at VCC or GND
    Warning (13410): Pin "HEX4[1]" is stuck at GND File: C:/Users/tjm15/New folder/VERI_EIE2/part_2/ex_8/ex8_top.v Line: 10
Info (286030): Timing-Driven Synthesis is running
Info (144001): Generated suppressed messages file C:/Users/tjm15/New folder/VERI_EIE2/part_2/ex_8/output_files/ex8_top.map.smsg
Info (16010): Generating hard_block partition "hard_block:auto_generated_inst"
    Info (16011): Adding 0 node(s), including 0 DDIO, 0 PLL, 0 transceiver and 0 LCELL
Warning (21074): Design contains 3 input pin(s) that do not drive logic
    Warning (15610): No output dependent on input pin "KEY[0]" File: C:/Users/tjm15/New folder/VERI_EIE2/part_2/ex_8/ex8_top.v Line: 8
    Warning (15610): No output dependent on input pin "KEY[1]" File: C:/Users/tjm15/New folder/VERI_EIE2/part_2/ex_8/ex8_top.v Line: 8
    Warning (15610): No output dependent on input pin "KEY[2]" File: C:/Users/tjm15/New folder/VERI_EIE2/part_2/ex_8/ex8_top.v Line: 8
Info (21057): Implemented 310 device resources after synthesis - the final resource count might be different
    Info (21058): Implemented 5 input pins
    Info (21059): Implemented 45 output pins
    Info (21061): Implemented 260 logic cells
Info: Quartus Prime Analysis & Synthesis was successful. 0 errors, 13 warnings
    Info: Peak virtual memory: 898 megabytes
    Info: Processing ended: Fri Dec 09 11:12:38 2016
    Info: Elapsed time: 00:00:12
    Info: Total CPU time (on all processors): 00:00:24


+------------------------------------------+
; Analysis & Synthesis Suppressed Messages ;
+------------------------------------------+
The suppressed messages can be found in C:/Users/tjm15/New folder/VERI_EIE2/part_2/ex_8/output_files/ex8_top.map.smsg.


